# JRE version: OpenJDK Runtime Environment Temurin-21.0.8+9 (21.0.8+9) (build 21.0.8+9-LTS)
# Java VM: OpenJDK 64-Bit Server VM Temurin-21.0.8+9 (21.0.8+9-LTS, mixed mode, emulated-client, sharing, tiered, compressed oops, compressed class ptrs, g1 gc, windows-amd64)
GC Precious Log:
 CardTable entry size: 512
 Card Set container configuration: InlinePtr #cards 4 size 8 Array Of Cards #cards 16 size 48 Howl #buckets 8 coarsen threshold 3686 Howl Bitmap #cards 512 size 80 coarsen threshold 460 Card regions per heap region 1 cards per card region 4096
 CPUs: 16 total, 16 available
 Memory: 16066M
 Large Page Support: Disabled
 NUMA Support: Disabled
 Compressed Oops: Enabled (Zero based)
 Heap Region Size: 2M
 Heap Min Capacity: 8M
 Heap Initial Capacity: 252M
 Heap Max Capacity: 4018M
 Pre-touch: Disabled
 Parallel Workers: 13
 Concurrent Workers: 3
 Concurrent Refinement Workers: 13
 Periodic GC: Disabled
Heap:
 garbage-first heap   total 116736K, used 78821K [0x0000000704e00000, 0x0000000800000000)
  region size 2048K, 22 young (45056K), 3 survivors (6144K)
 Metaspace       used 87704K, committed 88576K, reserved 1179648K
  class space    used 12184K, committed 12608K, reserved 1048576K
GC Heap History (20 events):
Event: 229.082 GC heap before
{Heap before GC invocations=35 (full 6):
 garbage-first heap   total 116736K, used 93889K [0x0000000704e00000, 0x0000000800000000)
  region size 2048K, 30 young (61440K), 0 survivors (0K)
 Metaspace       used 84702K, committed 85440K, reserved 1179648K
  class space    used 11845K, committed 12160K, reserved 1048576K
}
Event: 229.084 GC heap after
{Heap after GC invocations=36 (full 6):
 garbage-first heap   total 116736K, used 40107K [0x0000000704e00000, 0x0000000800000000)
  region size 2048K, 3 young (6144K), 3 survivors (6144K)
 Metaspace       used 84702K, committed 85440K, reserved 1179648K
  class space    used 11845K, committed 12160K, reserved 1048576K
}
Event: 229.242 GC heap before
{Heap before GC invocations=36 (full 6):
 garbage-first heap   total 116736K, used 68779K [0x0000000704e00000, 0x0000000800000000)
  region size 2048K, 18 young (36864K), 3 survivors (6144K)
 Metaspace       used 85028K, committed 85824K, reserved 1179648K
  class space    used 11878K, committed 12224K, reserved 1048576K
}
Event: 229.244 GC heap after
{Heap after GC invocations=37 (full 6):
 garbage-first heap   total 116736K, used 42153K [0x0000000704e00000, 0x0000000800000000)
  region size 2048K, 2 young (4096K), 2 survivors (4096K)
 Metaspace       used 85028K, committed 85824K, reserved 1179648K
  class space    used 11878K, committed 12224K, reserved 1048576K
}
Event: 255.377 GC heap before
{Heap before GC invocations=38 (full 6):
 garbage-first heap   total 116736K, used 72873K [0x0000000704e00000, 0x0000000800000000)
  region size 2048K, 18 young (36864K), 2 survivors (4096K)
 Metaspace       used 85328K, committed 86144K, reserved 1179648K
  class space    used 11915K, committed 12288K, reserved 1048576K
}
Event: 255.409 GC heap after
{Heap after GC invocations=39 (full 7):
 garbage-first heap   total 116736K, used 35121K [0x0000000704e00000, 0x0000000800000000)
  region size 2048K, 0 young (0K), 0 survivors (0K)
 Metaspace       used 85325K, committed 86144K, reserved 1179648K
  class space    used 11914K, committed 12288K, reserved 1048576K
}
Event: 255.708 GC heap before
{Heap before GC invocations=39 (full 7):
 garbage-first heap   total 116736K, used 94513K [0x0000000704e00000, 0x0000000800000000)
  region size 2048K, 30 young (61440K), 0 survivors (0K)
 Metaspace       used 85522K, committed 86336K, reserved 1179648K
  class space    used 11938K, committed 12288K, reserved 1048576K
}
Event: 255.710 GC heap after
{Heap after GC invocations=40 (full 7):
 garbage-first heap   total 116736K, used 40815K [0x0000000704e00000, 0x0000000800000000)
  region size 2048K, 3 young (6144K), 3 survivors (6144K)
 Metaspace       used 85522K, committed 86336K, reserved 1179648K
  class space    used 11938K, committed 12288K, reserved 1048576K
}
Event: 255.900 GC heap before
{Heap before GC invocations=40 (full 7):
 garbage-first heap   total 116736K, used 79727K [0x0000000704e00000, 0x0000000800000000)
  region size 2048K, 23 young (47104K), 3 survivors (6144K)
 Metaspace       used 85973K, committed 86784K, reserved 1179648K
  class space    used 11974K, committed 12352K, reserved 1048576K
}
Event: 255.903 GC heap after
{Heap after GC invocations=41 (full 7):
 garbage-first heap   total 116736K, used 43411K [0x0000000704e00000, 0x0000000800000000)
  region size 2048K, 2 young (4096K), 2 survivors (4096K)
 Metaspace       used 85973K, committed 86784K, reserved 1179648K
  class space    used 11974K, committed 12352K, reserved 1048576K
}
Event: 304.461 GC heap before
{Heap before GC invocations=42 (full 7):
 garbage-first heap   total 116736K, used 63891K [0x0000000704e00000, 0x0000000800000000)
  region size 2048K, 13 young (26624K), 2 survivors (4096K)
 Metaspace       used 86056K, committed 86848K, reserved 1179648K
  class space    used 11981K, committed 12352K, reserved 1048576K
}
Event: 304.493 GC heap after
{Heap after GC invocations=43 (full 8):
 garbage-first heap   total 116736K, used 35563K [0x0000000704e00000, 0x0000000800000000)
  region size 2048K, 0 young (0K), 0 survivors (0K)
 Metaspace       used 86054K, committed 86848K, reserved 1179648K
  class space    used 11980K, committed 12352K, reserved 1048576K
}
Event: 304.823 GC heap before
{Heap before GC invocations=43 (full 8):
 garbage-first heap   total 116736K, used 97003K [0x0000000704e00000, 0x0000000800000000)
  region size 2048K, 31 young (63488K), 0 survivors (0K)
 Metaspace       used 86266K, committed 87104K, reserved 1179648K
  class space    used 12006K, committed 12416K, reserved 1048576K
}
Event: 304.826 GC heap after
{Heap after GC invocations=44 (full 8):
 garbage-first heap   total 116736K, used 40963K [0x0000000704e00000, 0x0000000800000000)
  region size 2048K, 3 young (6144K), 3 survivors (6144K)
 Metaspace       used 86266K, committed 87104K, reserved 1179648K
  class space    used 12006K, committed 12416K, reserved 1048576K
}
Event: 364.830 GC heap before
{Heap before GC invocations=44 (full 8):
 garbage-first heap   total 116736K, used 94211K [0x0000000704e00000, 0x0000000800000000)
  region size 2048K, 30 young (61440K), 3 survivors (6144K)
 Metaspace       used 86766K, committed 87616K, reserved 1179648K
  class space    used 12048K, committed 12416K, reserved 1048576K
}
Event: 364.859 GC heap after
{Heap after GC invocations=45 (full 9):
 garbage-first heap   total 116736K, used 35083K [0x0000000704e00000, 0x0000000800000000)
  region size 2048K, 0 young (0K), 0 survivors (0K)
 Metaspace       used 86763K, committed 87616K, reserved 1179648K
  class space    used 12048K, committed 12416K, reserved 1048576K
}
Event: 365.161 GC heap before
{Heap before GC invocations=45 (full 9):
 garbage-first heap   total 116736K, used 98571K [0x0000000704e00000, 0x0000000800000000)
  region size 2048K, 32 young (65536K), 0 survivors (0K)
 Metaspace       used 87006K, committed 87872K, reserved 1179648K
  class space    used 12079K, committed 12480K, reserved 1048576K
}
Event: 365.163 GC heap after
{Heap after GC invocations=46 (full 9):
 garbage-first heap   total 116736K, used 40737K [0x0000000704e00000, 0x0000000800000000)
  region size 2048K, 3 young (6144K), 3 survivors (6144K)
 Metaspace       used 87006K, committed 87872K, reserved 1179648K
  class space    used 12079K, committed 12480K, reserved 1048576K
}
Event: 374.108 GC heap before
{Heap before GC invocations=46 (full 9):
 garbage-first heap   total 116736K, used 98081K [0x0000000704e00000, 0x0000000800000000)
  region size 2048K, 32 young (65536K), 3 survivors (6144K)
 Metaspace       used 87519K, committed 88384K, reserved 1179648K
  class space    used 12155K, committed 12544K, reserved 1048576K
}
Event: 374.111 GC heap after
{Heap after GC invocations=47 (full 9):
 garbage-first heap   total 116736K, used 44005K [0x0000000704e00000, 0x0000000800000000)
  region size 2048K, 3 young (6144K), 3 survivors (6144K)
 Metaspace       used 87519K, committed 88384K, reserved 1179648K
  class space    used 12155K, committed 12544K, reserved 1048576K
}

